Removed Pin From Net: NetName=NetC14_1 Pin=VT1-2
Removed Pin From Net: NetName=NetC14_1 Pin=VT1-3
Removed Pin From Net: NetName=V res Pin=VT1-6
Removed Pin From Net: NetName=V res Pin=VT1-7
Removed Pin From Net: NetName=V res Pin=VT1-8
Removed Pin From Net: NetName=NetC14_1 Pin=VT2-2
Removed Pin From Net: NetName=NetC14_1 Pin=VT2-3
Removed Pin From Net: NetName=V bat Pin=VT2-6
Removed Pin From Net: NetName=V bat Pin=VT2-7
Removed Pin From Net: NetName=V bat Pin=VT2-8
Removed Pin From Net: NetName=NetC15_1 Pin=VT3-2
Removed Pin From Net: NetName=NetC15_1 Pin=VT3-3
Removed Pin From Net: NetName=V bat Pin=VT3-6
Removed Pin From Net: NetName=V bat Pin=VT3-7
Removed Pin From Net: NetName=V bat Pin=VT3-8
Removed Pin From Net: NetName=NetC15_1 Pin=VT4-2
Removed Pin From Net: NetName=NetC15_1 Pin=VT4-3
Removed Pin From Net: NetName=V AKB Pin=VT4-6
Removed Pin From Net: NetName=V AKB Pin=VT4-7
Removed Pin From Net: NetName=V AKB Pin=VT4-8
Added Component: Designator=XP?(XT30PW-M)
Add component (AddParameter): Name = "Manufacturer"; Value = "AMASS"; VariantName = "[No Variations]"
Add component (AddParameter): Name = "Part Number"; Value = "XT30PW-M"; VariantName = "[No Variations]"
Add component (AddParameter): Name = "Type"; Value = "XT"; VariantName = "[No Variations]"
Added Pin To Net: NetName=S Pin=VT1-2
Added Pin To Net: NetName=S Pin=VT1-3
Added Pin To Net: NetName=D Pin=VT1-6
Added Pin To Net: NetName=D Pin=VT1-7
Added Pin To Net: NetName=D Pin=VT1-8
Added Pin To Net: NetName=S Pin=VT2-2
Added Pin To Net: NetName=S Pin=VT2-3
Added Pin To Net: NetName=D Pin=VT2-6
Added Pin To Net: NetName=D Pin=VT2-7
Added Pin To Net: NetName=D Pin=VT2-8
Added Pin To Net: NetName=S Pin=VT3-2
Added Pin To Net: NetName=S Pin=VT3-3
Added Pin To Net: NetName=D Pin=VT3-6
Added Pin To Net: NetName=D Pin=VT3-7
Added Pin To Net: NetName=D Pin=VT3-8
Added Pin To Net: NetName=S Pin=VT4-2
Added Pin To Net: NetName=S Pin=VT4-3
Added Pin To Net: NetName=D Pin=VT4-4
Added Pin To Net: NetName=D Pin=VT4-7
Added Pin To Net: NetName=D Pin=VT4-8
Added Pin To Net: NetName=V res Pin=XP?-1
Added Pin To Net: NetName=GND Pin=XP?-2
Added Member To Class: ClassName=Con Member=Component XP? XT30PW-M
