Removed Pin From Net: NetName=V bat Pin=VT2-1
Removed Pin From Net: NetName=NetU7_12 Pin=VT2-5
Removed Pin From Net: NetName=V bat Pin=VT4-1
Removed Pin From Net: NetName=NetU7_14 Pin=VT4-5
Change Component Comment : Designator=R8 Old Comment=23.2K New Comment=10K
Change Component Comment : Designator=R11 Old Comment=23.2K New Comment=10K
Change Component Comment : Designator=R9 Old Comment=49.9K New Comment=10K
Change Component Comment : Designator=R12 Old Comment=49.9K New Comment=10K
Change Component Comment : Designator=R7 Old Comment=634K New Comment=160K
Change Component Comment : Designator=R10 Old Comment=634K New Comment=160K
Change Component Designator: OldDesignator=C? NewDesignator=C8
Change Component Designator: OldDesignator=C? NewDesignator=C9
Change Component Designator: OldDesignator=C? NewDesignator=C10
Change Component Designator: OldDesignator=R? NewDesignator=R13
Change Component Designator: OldDesignator=VD? NewDesignator=VD1
Added Pin To Net: NetName=NetU7_12 Pin=VT2-1
Added Pin To Net: NetName=V bat Pin=VT2-5
Added Pin To Net: NetName=NetU7_14 Pin=VT4-1
Added Pin To Net: NetName=V bat Pin=VT4-5
Change Net Name : Old Net Name=NetC?_2 New Net Name=NetC8_2
Change Net Name : Old Net Name=NetR?_2 New Net Name=NetR13_2
Add Net: Net with name "RS485_N" already exists
Add Net: Net with name "RS485_P" already exists
Added Member To Class: ClassName=Power Member=Component C8 10 ÏÍ‘
Added Member To Class: ClassName=Power Member=Component C10 1uF
